<?xml version="1.0" encoding="UTF-8"?>
<robot generator="Robot 3.1.2 (Python 3.7.3 on win32)" generated="20190708 16:12:32.712" rpa="false">
<suite id="s1" name="Tag Test" source="C:\Users\Punit\workspace\RobotProject1\Tag_Test.robot">
<test id="s1-t1" name="Myreg Test">
<kw name="Log" library="BuiltIn">
<doc>Logs the given message with the given level.</doc>
<arguments>
<arg>I am in third test</arg>
</arguments>
<msg timestamp="20190708 16:12:33.201" level="INFO">I am in third test</msg>
<status status="PASS" starttime="20190708 16:12:33.200" endtime="20190708 16:12:33.201"></status>
</kw>
<kw name="Set Tags" library="BuiltIn">
<doc>Adds given ``tags`` for the current test or all tests in a suite.</doc>
<arguments>
<arg>Regression</arg>
</arguments>
<msg timestamp="20190708 16:12:33.202" level="INFO">Set tag 'Regression'.</msg>
<status status="PASS" starttime="20190708 16:12:33.201" endtime="20190708 16:12:33.202"></status>
</kw>
<tags>
<tag>Regression</tag>
</tags>
<status status="PASS" starttime="20190708 16:12:33.199" endtime="20190708 16:12:33.203" critical="yes"></status>
</test>
<status status="PASS" starttime="20190708 16:12:32.715" endtime="20190708 16:12:33.205"></status>
</suite>
<statistics>
<total>
<stat pass="1" fail="0">Critical Tests</stat>
<stat pass="1" fail="0">All Tests</stat>
</total>
<tag>
<stat pass="1" fail="0">Regression</stat>
</tag>
<suite>
<stat pass="1" fail="0" id="s1" name="Tag Test">Tag Test</stat>
</suite>
</statistics>
<errors>
</errors>
</robot>
